This is pdfTeX, Version 3.14159265-2.6-1.40.19 (MiKTeX 2.9.6800 64-bit) (preloaded format=latex 2018.10.11)  26 MAR 2019 14:48
entering extended mode
**./Calendar_20190326_1445.tex
(Calendar_20190326_1445.tex
LaTeX2e <2018-04-01> patch level 5
("C:\Program Files\MiKTeX 2.9\tex\latex\base\article.cls"
Document Class: article 2014/09/29 v1.4h Standard LaTeX document class
("C:\Program Files\MiKTeX 2.9\tex\latex\base\size10.clo"
File: size10.clo 2014/09/29 v1.4h Standard LaTeX file (size option)
)
\c@part=\count80
\c@section=\count81
\c@subsection=\count82
\c@subsubsection=\count83
\c@paragraph=\count84
\c@subparagraph=\count85
\c@figure=\count86
\c@table=\count87
\abovecaptionskip=\skip41
\belowcaptionskip=\skip42
\bibindent=\dimen102
) (calendar.sty
Package: calendar 2009/04/24LaTeX2e class file `calendar' v3.1

'calendar' style 3.12009/04/24.
Created by Evan Sultanik
****** Bugs/comments/suggestions/technicalities to Evan Sultanik -- evan@sultan
ik.com ******
("C:\Program Files\MiKTeX 2.9\tex\latex\tools\tabularx.sty"
Package: tabularx 2016/02/03 v2.11b `tabularx' package (DPC)

("C:\Program Files\MiKTeX 2.9\tex\latex\tools\array.sty"
Package: array 2018/04/30 v2.4h Tabular extension package (FMi)
\col@sep=\dimen103
\ar@mcellbox=\box26
\extrarowheight=\dimen104
\NC@list=\toks14
\extratabsurround=\skip43
\backup@length=\skip44
\ar@cellbox=\box27
)
\TX@col@width=\dimen105
\TX@old@table=\dimen106
\TX@old@col=\dimen107
\TX@target=\dimen108
\TX@delta=\dimen109
\TX@cols=\count88
\TX@ftn=\toks15
)
\@currentdaynum=\count89
\c@calendardate=\count90
\StartingDayNumber=\count91
)
("C:\Program Files\MiKTeX 2.9\tex\latex\geometry\geometry.sty"
Package: geometry 2018/04/16 v5.8 Page Geometry

("C:\Program Files\MiKTeX 2.9\tex\latex\graphics\keyval.sty"
Package: keyval 2014/10/28 v1.15 key=value parser (DPC)
\KV@toks@=\toks16
)
("C:\Program Files\MiKTeX 2.9\tex\generic\oberdiek\ifpdf.sty"
Package: ifpdf 2017/03/15 v3.2 Provides the ifpdf switch
)
("C:\Program Files\MiKTeX 2.9\tex\generic\oberdiek\ifvtex.sty"
Package: ifvtex 2016/05/16 v1.6 Detect VTeX and its facilities (HO)
Package ifvtex Info: VTeX not detected.
)
("C:\Program Files\MiKTeX 2.9\tex\generic\ifxetex\ifxetex.sty"
Package: ifxetex 2010/09/12 v0.6 Provides ifxetex conditional
)
\Gm@cnth=\count92
\Gm@cntv=\count93
\c@Gm@tempcnt=\count94
\Gm@bindingoffset=\dimen110
\Gm@wd@mp=\dimen111
\Gm@odd@mp=\dimen112
\Gm@even@mp=\dimen113
\Gm@layoutwidth=\dimen114
\Gm@layoutheight=\dimen115
\Gm@layouthoffset=\dimen116
\Gm@layoutvoffset=\dimen117
\Gm@dimlist=\toks17

("C:\Program Files\MiKTeX 2.9\tex\latex\geometry\geometry.cfg"))
(Calendar_20190326_1445.aux)
\openout1 = `Calendar_20190326_1445.aux'.

LaTeX Font Info:    Checking defaults for OML/cmm/m/it on input line 28.
LaTeX Font Info:    ... okay on input line 28.
LaTeX Font Info:    Checking defaults for T1/cmr/m/n on input line 28.
LaTeX Font Info:    ... okay on input line 28.
LaTeX Font Info:    Checking defaults for OT1/cmr/m/n on input line 28.
LaTeX Font Info:    ... okay on input line 28.
LaTeX Font Info:    Checking defaults for OMS/cmsy/m/n on input line 28.
LaTeX Font Info:    ... okay on input line 28.
LaTeX Font Info:    Checking defaults for OMX/cmex/m/n on input line 28.
LaTeX Font Info:    ... okay on input line 28.
LaTeX Font Info:    Checking defaults for U/cmr/m/n on input line 28.
LaTeX Font Info:    ... okay on input line 28.

*geometry* driver: auto-detecting
*geometry* detected driver: dvips
*geometry* verbose mode - [ preamble ] result:
* driver: dvips
* paper: a4paper
* layout: <same size as paper>
* layoutoffset:(h,v)=(0.0pt,0.0pt)
* modes: landscape 
* h-part:(L,W,R)=(36.135pt, 772.77686pt, 36.135pt)
* v-part:(T,H,B)=(36.135pt, 525.23788pt, 36.135pt)
* \paperwidth=845.04684pt
* \paperheight=597.50787pt
* \textwidth=772.77686pt
* \textheight=525.23788pt
* \oddsidemargin=-36.135pt
* \evensidemargin=-36.135pt
* \topmargin=-73.135pt
* \headheight=12.0pt
* \headsep=25.0pt
* \topskip=10.0pt
* \footskip=30.0pt
* \marginparwidth=144.0pt
* \marginparsep=11.0pt
* \columnsep=10.0pt
* \skip\footins=9.0pt plus 4.0pt minus 2.0pt
* \hoffset=0.0pt
* \voffset=0.0pt
* \mag=1000
* \@twocolumnfalse
* \@twosidefalse
* \@mparswitchfalse
* \@reversemarginfalse
* (1in=72.27pt=25.4mm, 1cm=28.453pt)

\@calendarwidth=\dimen118
\@currday=\count95
\@numdays=\count96

Overfull \hbox (1.78319pt too wide) in paragraph at lines 124--124
 \OT1/cmr/m/it/10 10
 []


Overfull \hbox (1.78319pt too wide) in paragraph at lines 124--124
 \OT1/cmr/m/it/10 11
 []


Overfull \hbox (1.78319pt too wide) in paragraph at lines 124--124
 \OT1/cmr/m/it/10 12
 []


Overfull \hbox (1.78319pt too wide) in paragraph at lines 124--124
 \OT1/cmr/m/it/10 13
 []


Overfull \hbox (1.78319pt too wide) in paragraph at lines 124--124
 \OT1/cmr/m/it/10 14
 []


Overfull \hbox (1.78319pt too wide) in paragraph at lines 124--124
 \OT1/cmr/m/it/10 15
 []


Overfull \hbox (1.78319pt too wide) in paragraph at lines 124--124
 \OT1/cmr/m/it/10 16
 []


Overfull \hbox (1.78319pt too wide) in paragraph at lines 124--124
 \OT1/cmr/m/it/10 17
 []


Overfull \hbox (1.78319pt too wide) in paragraph at lines 124--124
 \OT1/cmr/m/it/10 18
 []


Overfull \hbox (1.78319pt too wide) in paragraph at lines 124--124
 \OT1/cmr/m/it/10 19
 []


Overfull \hbox (1.78319pt too wide) in paragraph at lines 124--124
 \OT1/cmr/m/it/10 20
 []


Overfull \hbox (1.78319pt too wide) in paragraph at lines 124--124
 \OT1/cmr/m/it/10 21
 []


Overfull \hbox (1.78319pt too wide) in paragraph at lines 124--124
 \OT1/cmr/m/it/10 22
 []


Overfull \hbox (1.78319pt too wide) in paragraph at lines 124--124
 \OT1/cmr/m/it/10 23
 []


Overfull \hbox (1.78319pt too wide) in paragraph at lines 124--124
 \OT1/cmr/m/it/10 24
 []


Overfull \hbox (1.78319pt too wide) in paragraph at lines 124--124
 \OT1/cmr/m/it/10 25
 []


Overfull \hbox (1.78319pt too wide) in paragraph at lines 124--124
 \OT1/cmr/m/it/10 26
 []


Overfull \hbox (1.78319pt too wide) in paragraph at lines 124--124
 \OT1/cmr/m/it/10 27
 []


Overfull \hbox (1.78319pt too wide) in paragraph at lines 124--124
 \OT1/cmr/m/it/10 28
 []


Overfull \hbox (1.78319pt too wide) in paragraph at lines 124--124
 \OT1/cmr/m/it/10 29
 []


Overfull \hbox (1.78319pt too wide) in paragraph at lines 124--124
 \OT1/cmr/m/it/10 30
 []


Overfull \hbox (1.78319pt too wide) in paragraph at lines 124--124
 \OT1/cmr/m/it/10 31
 []


Overfull \hbox (15.0pt too wide) in paragraph at lines 124--125
[][] 
 []

[1

] (Calendar_20190326_1445.aux) ) 
Here is how much of TeX's memory you used:
 876 strings out of 492974
 12132 string characters out of 3135957
 97243 words of memory out of 3000000
 4801 multiletter control sequences out of 15000+200000
 4889 words of font info for 18 fonts, out of 3000000 for 9000
 1141 hyphenation exceptions out of 8191
 28i,10n,32p,296b,249s stack positions out of 5000i,500n,10000p,200000b,50000s

Output written on Calendar_20190326_1445.dvi (1 page, 2504 bytes).
